<?xml version="1.0" encoding="UTF-8"?>
<coverage generated="1725254757692" clover="3.2.0">
  <project timestamp="1725254757692" name="All files">
    <metrics statements="21" coveredstatements="11" conditionals="11" coveredconditionals="6" methods="9" coveredmethods="5" elements="41" coveredelements="22" complexity="0" loc="21" ncloc="21" packages="2" files="2" classes="2"/>
    <package name="components">
      <metrics statements="8" coveredstatements="8" conditionals="5" coveredconditionals="3" methods="3" coveredmethods="3"/>
      <file name="MovieCard.tsx" path="C:\Users\Diana\Documents\DEV013-movie-challenge-fw\movie-challenge\src\components\MovieCard.tsx">
        <metrics statements="8" coveredstatements="8" conditionals="5" coveredconditionals="3" methods="3" coveredmethods="3"/>
        <line num="3" count="1" type="stmt"/>
        <line num="5" count="1" type="stmt"/>
        <line num="6" count="2" type="stmt"/>
        <line num="7" count="2" type="stmt"/>
        <line num="8" count="1" type="stmt"/>
        <line num="10" count="6" type="stmt"/>
        <line num="11" count="2" type="cond" truecount="1" falsecount="1"/>
        <line num="33" count="2" type="stmt"/>
      </file>
    </package>
    <package name="utils">
      <metrics statements="13" coveredstatements="3" conditionals="6" coveredconditionals="3" methods="6" coveredmethods="2"/>
      <file name="transformers.ts" path="C:\Users\Diana\Documents\DEV013-movie-challenge-fw\movie-challenge\src\utils\transformers.ts">
        <metrics statements="13" coveredstatements="3" conditionals="6" coveredconditionals="3" methods="6" coveredmethods="2"/>
        <line num="5" count="1" type="stmt"/>
        <line num="6" count="1" type="cond" truecount="1" falsecount="1"/>
        <line num="8" count="1" type="stmt"/>
        <line num="21" count="0" type="stmt"/>
        <line num="23" count="0" type="stmt"/>
        <line num="24" count="0" type="stmt"/>
        <line num="25" count="0" type="stmt"/>
        <line num="27" count="0" type="stmt"/>
        <line num="28" count="0" type="stmt"/>
        <line num="31" count="0" type="stmt"/>
        <line num="32" count="0" type="stmt"/>
        <line num="36" count="0" type="stmt"/>
        <line num="37" count="0" type="stmt"/>
      </file>
    </package>
  </project>
</coverage>
