<?xml version="1.0" encoding="UTF-8"?>
<coverage generated="1725322112616" clover="3.2.0">
  <project timestamp="1725322112616" name="All files">
    <metrics statements="26" coveredstatements="16" conditionals="11" coveredconditionals="7" methods="11" coveredmethods="7" elements="48" coveredelements="30" complexity="0" loc="26" ncloc="26" packages="2" files="3" classes="3"/>
    <package name="components">
      <metrics statements="13" coveredstatements="13" conditionals="5" coveredconditionals="4" methods="5" coveredmethods="5"/>
      <file name="MovieCard.tsx" path="C:\Users\Diana\Documents\DEV013-movie-challenge-fw\movie-challenge\src\components\MovieCard.tsx">
        <metrics statements="8" coveredstatements="8" conditionals="5" coveredconditionals="4" methods="3" coveredmethods="3"/>
        <line num="3" count="2" type="stmt"/>
        <line num="5" count="2" type="stmt"/>
        <line num="6" count="7" type="stmt"/>
        <line num="7" count="7" type="stmt"/>
        <line num="8" count="1" type="stmt"/>
        <line num="10" count="19" type="stmt"/>
        <line num="11" count="7" type="cond" truecount="2" falsecount="0"/>
        <line num="33" count="7" type="stmt"/>
      </file>
      <file name="MovieList.tsx" path="C:\Users\Diana\Documents\DEV013-movie-challenge-fw\movie-challenge\src\components\MovieList.tsx">
        <metrics statements="5" coveredstatements="5" conditionals="0" coveredconditionals="0" methods="2" coveredmethods="2"/>
        <line num="1" count="1" type="stmt"/>
        <line num="3" count="1" type="stmt"/>
        <line num="7" count="1" type="stmt"/>
        <line num="11" count="4" type="stmt"/>
        <line num="26" count="2" type="stmt"/>
      </file>
    </package>
    <package name="utils">
      <metrics statements="13" coveredstatements="3" conditionals="6" coveredconditionals="3" methods="6" coveredmethods="2"/>
      <file name="transformers.ts" path="C:\Users\Diana\Documents\DEV013-movie-challenge-fw\movie-challenge\src\utils\transformers.ts">
        <metrics statements="13" coveredstatements="3" conditionals="6" coveredconditionals="3" methods="6" coveredmethods="2"/>
        <line num="5" count="1" type="stmt"/>
        <line num="6" count="1" type="cond" truecount="1" falsecount="1"/>
        <line num="8" count="1" type="stmt"/>
        <line num="21" count="0" type="stmt"/>
        <line num="23" count="0" type="stmt"/>
        <line num="24" count="0" type="stmt"/>
        <line num="25" count="0" type="stmt"/>
        <line num="27" count="0" type="stmt"/>
        <line num="28" count="0" type="stmt"/>
        <line num="31" count="0" type="stmt"/>
        <line num="32" count="0" type="stmt"/>
        <line num="36" count="0" type="stmt"/>
        <line num="37" count="0" type="stmt"/>
      </file>
    </package>
  </project>
</coverage>
