{"C:\\Users\\Diana\\Documents\\DEV013-movie-challenge-fw\\movie-challenge\\src\\components\\MovieCard.tsx": {"path":"C:\\Users\\Diana\\Documents\\DEV013-movie-challenge-fw\\movie-challenge\\src\\components\\MovieCard.tsx","statementMap":{"0":{"start":{"line":33,"column":2},"end":{"line":33,"column":17}},"1":{"start":{"line":3,"column":28},"end":{"line":3,"column":null}},"2":{"start":{"line":5,"column":18},"end":{"line":32,"column":null}},"3":{"start":{"line":6,"column":19},"end":{"line":6,"column":null}},"4":{"start":{"line":7,"column":22},"end":{"line":9,"column":null}},"5":{"start":{"line":8,"column":4},"end":{"line":8,"column":null}},"6":{"start":{"line":10,"column":25},"end":{"line":10,"column":null}},"7":{"start":{"line":10,"column":48},"end":{"line":10,"column":null}},"8":{"start":{"line":11,"column":21},"end":{"line":13,"column":null}},"9":{"start":{"line":33,"column":17},"end":{"line":33,"column":null}}},"fnMap":{"0":{"name":"(anonymous_1)","decl":{"start":{"line":5,"column":18},"end":{"line":5,"column":19}},"loc":{"start":{"line":5,"column":77},"end":{"line":32,"column":null}}},"1":{"name":"(anonymous_2)","decl":{"start":{"line":7,"column":22},"end":{"line":7,"column":null}},"loc":{"start":{"line":7,"column":22},"end":{"line":9,"column":null}}},"2":{"name":"(anonymous_3)","decl":{"start":{"line":10,"column":39},"end":{"line":10,"column":48}},"loc":{"start":{"line":10,"column":48},"end":{"line":10,"column":null}}}},"branchMap":{"0":{"loc":{"start":{"line":11,"column":21},"end":{"line":13,"column":null}},"type":"cond-expr","locations":[{"start":{"line":12,"column":6},"end":{"line":12,"column":75}},{"start":{"line":13,"column":6},"end":{"line":13,"column":null}}]},"1":{"loc":{"start":{"line":19,"column":12},"end":{"line":21,"column":13}},"type":"cond-expr","locations":[{"start":{"line":19,"column":12},"end":{"line":21,"column":13}}]},"2":{"loc":{"start":{"line":27,"column":17},"end":{"line":27,"column":null}},"type":"binary-expr","locations":[{"start":{"line":27,"column":17},"end":{"line":27,"column":33}},{"start":{"line":27,"column":33},"end":{"line":27,"column":null}}]}},"s":{"0":7,"1":2,"2":2,"3":7,"4":7,"5":1,"6":7,"7":19,"8":7,"9":2},"f":{"0":7,"1":1,"2":19},"b":{"0":[6,1],"1":[6],"2":[7,0]}}
,"C:\\Users\\Diana\\Documents\\DEV013-movie-challenge-fw\\movie-challenge\\src\\components\\MovieList.tsx": {"path":"C:\\Users\\Diana\\Documents\\DEV013-movie-challenge-fw\\movie-challenge\\src\\components\\MovieList.tsx","statementMap":{"0":{"start":{"line":26,"column":0},"end":{"line":26,"column":15}},"1":{"start":{"line":1,"column":18},"end":{"line":1,"column":null}},"2":{"start":{"line":3,"column":22},"end":{"line":3,"column":null}},"3":{"start":{"line":7,"column":43},"end":{"line":24,"column":null}},"4":{"start":{"line":11,"column":8},"end":{"line":11,"column":null}},"5":{"start":{"line":26,"column":15},"end":{"line":26,"column":null}}},"fnMap":{"0":{"name":"(anonymous_2)","decl":{"start":{"line":7,"column":43},"end":{"line":7,"column":44}},"loc":{"start":{"line":7,"column":54},"end":{"line":24,"column":null}}},"1":{"name":"(anonymous_3)","decl":{"start":{"line":10,"column":18},"end":{"line":10,"column":19}},"loc":{"start":{"line":11,"column":8},"end":{"line":11,"column":null}}}},"branchMap":{},"s":{"0":2,"1":1,"2":1,"3":1,"4":4,"5":1},"f":{"0":2,"1":4},"b":{}}
,"C:\\Users\\Diana\\Documents\\DEV013-movie-challenge-fw\\movie-challenge\\src\\utils\\transformers.ts": {"path":"C:\\Users\\Diana\\Documents\\DEV013-movie-challenge-fw\\movie-challenge\\src\\utils\\transformers.ts","statementMap":{"0":{"start":{"line":21,"column":16},"end":{"line":21,"column":33}},"1":{"start":{"line":31,"column":16},"end":{"line":31,"column":37}},"2":{"start":{"line":5,"column":16},"end":{"line":5,"column":27}},"3":{"start":{"line":6,"column":24},"end":{"line":6,"column":null}},"4":{"start":{"line":6,"column":52},"end":{"line":6,"column":null}},"5":{"start":{"line":8,"column":4},"end":{"line":18,"column":null}},"6":{"start":{"line":23,"column":21},"end":{"line":23,"column":null}},"7":{"start":{"line":24,"column":4},"end":{"line":26,"column":null}},"8":{"start":{"line":25,"column":8},"end":{"line":25,"column":null}},"9":{"start":{"line":27,"column":4},"end":{"line":27,"column":null}},"10":{"start":{"line":28,"column":4},"end":{"line":28,"column":null}},"11":{"start":{"line":32,"column":20},"end":{"line":35,"column":null}},"12":{"start":{"line":32,"column":41},"end":{"line":35,"column":null}},"13":{"start":{"line":36,"column":4},"end":{"line":36,"column":null}},"14":{"start":{"line":37,"column":4},"end":{"line":37,"column":null}}},"fnMap":{"0":{"name":"formatMovie","decl":{"start":{"line":5,"column":16},"end":{"line":5,"column":27}},"loc":{"start":{"line":5,"column":74},"end":{"line":19,"column":null}}},"1":{"name":"(anonymous_5)","decl":{"start":{"line":6,"column":46},"end":{"line":6,"column":52}},"loc":{"start":{"line":6,"column":52},"end":{"line":6,"column":null}}},"2":{"name":"formatGenresToMap","decl":{"start":{"line":21,"column":16},"end":{"line":21,"column":33}},"loc":{"start":{"line":21,"column":55},"end":{"line":29,"column":null}}},"3":{"name":"(anonymous_7)","decl":{"start":{"line":24,"column":19},"end":{"line":24,"column":null}},"loc":{"start":{"line":24,"column":19},"end":{"line":26,"column":null}}},"4":{"name":"formatGenresToOptions","decl":{"start":{"line":31,"column":16},"end":{"line":31,"column":37}},"loc":{"start":{"line":31,"column":59},"end":{"line":39,"column":null}}},"5":{"name":"(anonymous_9)","decl":{"start":{"line":32,"column":31},"end":{"line":32,"column":41}},"loc":{"start":{"line":32,"column":41},"end":{"line":35,"column":null}}}},"branchMap":{"0":{"loc":{"start":{"line":6,"column":52},"end":{"line":6,"column":null}},"type":"binary-expr","locations":[{"start":{"line":6,"column":52},"end":{"line":6,"column":72}},{"start":{"line":6,"column":72},"end":{"line":6,"column":null}}]},"1":{"loc":{"start":{"line":16,"column":22},"end":{"line":16,"column":null}},"type":"binary-expr","locations":[{"start":{"line":16,"column":22},"end":{"line":16,"column":42}},{"start":{"line":16,"column":46},"end":{"line":16,"column":null}}]},"2":{"loc":{"start":{"line":17,"column":20},"end":{"line":17,"column":null}},"type":"binary-expr","locations":[{"start":{"line":17,"column":20},"end":{"line":17,"column":38}},{"start":{"line":17,"column":42},"end":{"line":17,"column":null}}]}},"s":{"0":0,"1":0,"2":1,"3":1,"4":1,"5":1,"6":0,"7":0,"8":0,"9":0,"10":0,"11":0,"12":0,"13":0,"14":0},"f":{"0":1,"1":1,"2":0,"3":0,"4":0,"5":0},"b":{"0":[1,0],"1":[1,0],"2":[1,0]}}
}
