TN:
SF:src\components\Footer.tsx
FN:1,(anonymous_1)
FNF:1
FNH:1
FNDA:6,(anonymous_1)
DA:1,1
DA:8,6
LF:2
LH:2
BRF:0
BRH:0
end_of_record
TN:
SF:src\components\Header.tsx
FN:23,(anonymous_1)
FNF:1
FNH:1
FNDA:6,(anonymous_1)
DA:1,1
DA:4,1
DA:23,1
DA:86,6
LF:4
LH:4
BRF:0
BRH:0
end_of_record
TN:
SF:src\components\Home.tsx
FN:15,Home
FN:26,(anonymous_3)
FN:27,(anonymous_4)
FN:48,(anonymous_5)
FN:49,(anonymous_6)
FN:54,(anonymous_7)
FN:56,(anonymous_8)
FN:68,(anonymous_9)
FN:79,(anonymous_10)
FN:91,(anonymous_11)
FN:92,(anonymous_12)
FN:97,(anonymous_13)
FN:99,(anonymous_14)
FN:102,(anonymous_15)
FN:106,(anonymous_16)
FN:111,(anonymous_17)
FN:121,(anonymous_18)
FN:140,(anonymous_19)
FN:144,(anonymous_20)
FN:156,(anonymous_21)
FN:156,(anonymous_22)
FN:168,(anonymous_23)
FNF:22
FNH:9
FNDA:6,Home
FNDA:3,(anonymous_3)
FNDA:3,(anonymous_4)
FNDA:3,(anonymous_5)
FNDA:3,(anonymous_6)
FNDA:9,(anonymous_7)
FNDA:9,(anonymous_8)
FNDA:0,(anonymous_9)
FNDA:0,(anonymous_10)
FNDA:0,(anonymous_11)
FNDA:0,(anonymous_12)
FNDA:0,(anonymous_13)
FNDA:0,(anonymous_14)
FNDA:0,(anonymous_15)
FNDA:3,(anonymous_16)
FNDA:3,(anonymous_17)
FNDA:0,(anonymous_18)
FNDA:0,(anonymous_19)
FNDA:0,(anonymous_20)
FNDA:0,(anonymous_21)
FNDA:0,(anonymous_22)
FNDA:0,(anonymous_23)
DA:1,1
DA:3,1
DA:4,1
DA:5,1
DA:6,1
DA:7,1
DA:8,1
DA:9,1
DA:10,1
DA:11,1
DA:17,6
DA:18,6
DA:19,6
DA:20,6
DA:21,6
DA:22,6
DA:23,6
DA:24,6
DA:26,6
DA:27,3
DA:28,3
DA:29,3
DA:37,3
DA:38,3
DA:39,3
DA:41,0
DA:44,3
DA:48,6
DA:49,3
DA:50,3
DA:51,3
DA:53,3
DA:54,9
DA:56,9
DA:60,3
DA:62,0
DA:65,3
DA:68,6
DA:69,0
DA:71,0
DA:73,0
DA:74,0
DA:75,0
DA:76,0
DA:79,6
DA:80,0
DA:81,0
DA:91,6
DA:92,0
DA:93,0
DA:97,6
DA:98,0
DA:99,0
DA:100,0
DA:102,6
DA:103,0
DA:104,0
DA:106,6
DA:107,3
DA:108,3
DA:111,6
DA:112,3
DA:113,3
DA:114,3
DA:115,3
DA:116,0
DA:118,3
DA:119,0
DA:120,0
DA:121,0
DA:122,0
DA:123,0
DA:124,0
DA:125,0
DA:130,3
DA:131,0
DA:134,3
DA:135,3
DA:136,3
DA:140,6
DA:141,0
DA:142,0
DA:144,6
DA:145,0
DA:146,0
DA:148,0
DA:156,0
DA:168,0
DA:184,3
LF:89
LH:56
BRDA:107,0,0,3
BRDA:107,0,1,3
BRDA:107,1,0,3
BRDA:107,1,1,0
BRDA:107,2,0,3
BRDA:107,2,1,3
BRDA:115,3,0,0
BRDA:118,4,0,0
BRDA:119,5,0,0
BRDA:119,6,0,0
BRDA:119,6,1,0
BRDA:123,7,0,0
BRDA:123,8,0,0
BRDA:123,8,1,0
BRDA:130,9,0,0
BRDA:145,10,0,0
BRDA:145,10,1,0
BRDA:167,11,0,0
BRDA:167,11,1,6
BRF:19
BRH:6
end_of_record
TN:
SF:src\components\ListOptions.tsx
FN:20,(anonymous_2)
FN:30,(anonymous_3)
FN:31,(anonymous_4)
FN:34,(anonymous_5)
FN:36,(anonymous_6)
FN:51,(anonymous_7)
FN:55,(anonymous_8)
FN:58,(anonymous_9)
FNF:8
FNH:2
FNDA:6,(anonymous_2)
FNDA:0,(anonymous_3)
FNDA:0,(anonymous_4)
FNDA:0,(anonymous_5)
FNDA:0,(anonymous_6)
FNDA:9,(anonymous_7)
FNDA:0,(anonymous_8)
FNDA:0,(anonymous_9)
DA:2,1
DA:3,1
DA:20,6
DA:28,6
DA:30,6
DA:31,0
DA:34,6
DA:36,0
DA:38,0
DA:39,0
DA:40,0
DA:52,9
DA:55,0
DA:58,0
LF:14
LH:7
BRDA:36,0,0,0
BRDA:49,1,0,0
BRDA:49,1,1,6
BRDA:57,2,0,0
BRDA:57,2,1,9
BRF:5
BRH:2
end_of_record
TN:
SF:src\components\MovieCard.tsx
FN:5,(anonymous_1)
FN:7,(anonymous_2)
FN:10,(anonymous_3)
FNF:3
FNH:3
FNDA:13,(anonymous_1)
FNDA:1,(anonymous_2)
FNDA:28,(anonymous_3)
DA:3,3
DA:5,3
DA:6,13
DA:7,13
DA:8,1
DA:10,28
DA:11,13
DA:33,13
LF:8
LH:8
BRDA:11,0,0,12
BRDA:11,0,1,1
BRDA:19,1,0,12
BRDA:27,2,0,13
BRDA:27,2,1,0
BRF:5
BRH:4
end_of_record
TN:
SF:src\components\MovieList.tsx
FN:7,(anonymous_2)
FN:10,(anonymous_3)
FNF:2
FNH:2
FNDA:8,(anonymous_2)
FNDA:10,(anonymous_3)
DA:1,2
DA:3,2
DA:7,2
DA:11,10
DA:26,8
LF:5
LH:5
BRF:0
BRH:0
end_of_record
TN:
SF:src\components\Pagination.tsx
FN:3,Pagination
FN:12,(anonymous_2)
FN:16,(anonymous_3)
FN:20,(anonymous_4)
FN:24,(anonymous_5)
FN:79,(anonymous_6)
FN:85,(anonymous_7)
FNF:7
FNH:7
FNDA:10,Pagination
FNDA:1,(anonymous_2)
FNDA:1,(anonymous_3)
FNDA:1,(anonymous_4)
FNDA:10,(anonymous_5)
FNDA:73,(anonymous_6)
FNDA:1,(anonymous_7)
DA:1,2
DA:12,10
DA:13,1
DA:16,10
DA:17,1
DA:20,10
DA:21,1
DA:24,10
DA:25,10
DA:26,10
DA:33,10
DA:34,6
DA:35,33
DA:38,4
DA:39,4
DA:40,4
DA:42,4
DA:43,0
DA:44,4
DA:45,4
DA:46,0
DA:47,0
DA:50,4
DA:52,4
DA:53,0
DA:56,4
DA:58,4
DA:59,4
DA:62,4
DA:65,10
DA:67,10
DA:81,73
DA:85,1
DA:108,10
LF:34
LH:30
BRDA:33,0,0,6
BRDA:33,0,1,4
BRDA:42,1,0,0
BRDA:42,1,1,4
BRDA:42,2,0,4
BRDA:42,2,1,0
BRDA:44,3,0,4
BRDA:44,3,1,0
BRDA:46,4,0,0
BRDA:52,5,0,0
BRDA:58,6,0,4
BRDA:73,7,0,6
BRDA:73,7,1,4
BRDA:83,8,0,69
BRDA:84,9,0,10
BRDA:84,9,1,59
BRDA:81,10,0,69
BRDA:81,10,1,4
BRDA:98,11,0,3
BRDA:98,11,1,7
BRF:20
BRH:15
end_of_record
TN:
SF:src\components\Years.tsx
FNF:0
FNH:0
DA:3,6
LF:1
LH:1
BRF:0
BRH:0
end_of_record
TN:
SF:src\components\optionVote.tsx
FNF:0
FNH:0
DA:3,6
DA:9,1
LF:2
LH:2
BRF:0
BRH:0
end_of_record
TN:
SF:src\components\yearFilter.ts
FN:1,(anonymous_1)
FNF:1
FNH:0
FNDA:0,(anonymous_1)
DA:1,2
DA:9,0
DA:11,0
DA:12,0
DA:13,0
DA:15,0
DA:16,0
DA:17,0
DA:19,0
DA:20,0
DA:21,0
DA:23,0
DA:24,0
DA:25,0
DA:27,0
DA:28,0
DA:29,0
DA:31,0
DA:32,0
DA:33,0
DA:35,0
DA:36,0
DA:37,0
DA:39,0
DA:40,0
DA:41,0
DA:43,0
DA:44,0
DA:46,0
LF:29
LH:1
BRDA:9,0,0,0
BRDA:9,0,1,0
BRDA:9,0,2,0
BRDA:9,0,3,0
BRDA:9,0,4,0
BRDA:9,0,5,0
BRDA:9,0,6,0
BRDA:9,0,7,0
BRDA:9,0,8,0
BRF:9
BRH:0
end_of_record
TN:
SF:src\services\APIService.ts
FN:9,(anonymous_1)
FN:80,(anonymous_2)
FNF:2
FNH:2
FNDA:1,(anonymous_1)
FNDA:1,(anonymous_2)
DA:2,1
DA:3,1
DA:4,1
DA:5,1
DA:7,1
DA:9,1
DA:23,1
DA:24,1
DA:27,1
DA:33,1
DA:34,0
DA:35,0
DA:37,0
DA:41,1
DA:42,0
DA:43,0
DA:44,0
DA:45,0
DA:48,1
DA:49,0
DA:53,0
DA:57,1
DA:63,1
DA:73,1
DA:74,0
DA:77,1
DA:78,1
DA:80,1
DA:81,1
DA:83,1
DA:84,1
DA:94,1
DA:95,1
LF:33
LH:23
BRDA:10,0,0,0
BRDA:10,1,0,0
BRDA:33,2,0,0
BRDA:34,3,0,0
BRDA:34,3,1,0
BRDA:41,4,0,0
BRDA:48,5,0,0
BRDA:73,6,0,0
BRF:8
BRH:0
end_of_record
TN:
SF:src\services\getMovieDetail.ts
FN:6,(anonymous_1)
FN:27,(anonymous_2)
FNF:2
FNH:2
FNDA:1,(anonymous_1)
FNDA:2,(anonymous_2)
DA:2,1
DA:3,1
DA:4,1
DA:6,1
DA:11,1
DA:13,1
DA:19,1
DA:20,0
DA:22,1
DA:23,1
DA:24,1
DA:26,1
DA:27,2
DA:30,1
DA:31,1
DA:32,1
DA:33,1
DA:34,1
LF:18
LH:17
BRDA:19,0,0,0
BRDA:26,1,0,1
BRF:2
BRH:1
end_of_record
TN:
SF:src\utils\opciosyear.tsx
FN:19,(anonymous_2)
FN:29,(anonymous_3)
FN:30,(anonymous_4)
FN:34,(anonymous_5)
FN:47,(anonymous_6)
FN:51,(anonymous_7)
FN:54,(anonymous_8)
FNF:7
FNH:2
FNDA:12,(anonymous_2)
FNDA:0,(anonymous_3)
FNDA:0,(anonymous_4)
FNDA:0,(anonymous_5)
FNDA:60,(anonymous_6)
FNDA:0,(anonymous_7)
FNDA:0,(anonymous_8)
DA:1,1
DA:2,1
DA:19,12
DA:26,12
DA:29,12
DA:30,0
DA:34,12
DA:36,0
DA:37,0
DA:48,60
DA:51,0
DA:54,0
LF:12
LH:7
BRDA:45,0,0,0
BRDA:45,0,1,12
BRDA:53,1,0,0
BRDA:53,1,1,60
BRF:4
BRH:2
end_of_record
TN:
SF:src\utils\transformers.ts
FN:5,formatMovie
FN:6,(anonymous_5)
FN:21,formatGenresToMap
FN:24,(anonymous_7)
FN:31,formatGenresToOptions
FN:32,(anonymous_9)
FNF:6
FNH:2
FNDA:1,formatMovie
FNDA:1,(anonymous_5)
FNDA:0,formatGenresToMap
FNDA:0,(anonymous_7)
FNDA:0,formatGenresToOptions
FNDA:0,(anonymous_9)
DA:5,1
DA:6,1
DA:7,1
DA:8,1
DA:21,0
DA:23,0
DA:24,0
DA:25,0
DA:27,0
DA:28,0
DA:31,0
DA:32,0
DA:36,0
DA:37,0
LF:14
LH:4
BRDA:6,0,0,1
BRDA:6,0,1,0
BRDA:7,1,0,1
BRDA:7,1,1,0
BRDA:16,2,0,1
BRDA:16,2,1,0
BRDA:17,3,0,1
BRDA:17,3,1,0
BRF:8
BRH:4
end_of_record
