TN:
SF:src\components\MovieCard.tsx
FN:5,(anonymous_1)
FN:7,(anonymous_2)
FN:10,(anonymous_3)
FNF:3
FNH:3
FNDA:7,(anonymous_1)
FNDA:1,(anonymous_2)
FNDA:19,(anonymous_3)
DA:3,2
DA:5,2
DA:6,7
DA:7,7
DA:8,1
DA:10,19
DA:11,7
DA:33,7
LF:8
LH:8
BRDA:11,0,0,6
BRDA:11,0,1,1
BRDA:19,1,0,6
BRDA:27,2,0,7
BRDA:27,2,1,0
BRF:5
BRH:4
end_of_record
TN:
SF:src\components\MovieList.tsx
FN:7,(anonymous_2)
FN:10,(anonymous_3)
FNF:2
FNH:2
FNDA:2,(anonymous_2)
FNDA:4,(anonymous_3)
DA:1,1
DA:3,1
DA:7,1
DA:11,4
DA:26,2
LF:5
LH:5
BRF:0
BRH:0
end_of_record
TN:
SF:src\components\Pagination.tsx
FN:3,Pagination
FN:12,(anonymous_2)
FN:16,(anonymous_3)
FN:20,(anonymous_4)
FN:24,(anonymous_5)
FN:79,(anonymous_6)
FN:85,(anonymous_7)
FNF:7
FNH:7
FNDA:4,Pagination
FNDA:1,(anonymous_2)
FNDA:1,(anonymous_3)
FNDA:1,(anonymous_4)
FNDA:4,(anonymous_5)
FNDA:40,(anonymous_6)
FNDA:1,(anonymous_7)
DA:1,1
DA:12,4
DA:13,1
DA:16,4
DA:17,1
DA:20,4
DA:21,1
DA:24,4
DA:25,4
DA:26,4
DA:33,4
DA:34,0
DA:35,0
DA:38,4
DA:39,4
DA:40,4
DA:42,4
DA:43,0
DA:44,4
DA:45,4
DA:46,0
DA:47,0
DA:50,4
DA:52,4
DA:53,0
DA:56,4
DA:58,4
DA:59,4
DA:62,4
DA:65,4
DA:67,4
DA:81,40
DA:85,1
DA:108,4
LF:34
LH:28
BRDA:33,0,0,0
BRDA:33,0,1,4
BRDA:42,1,0,0
BRDA:42,1,1,4
BRDA:42,2,0,4
BRDA:42,2,1,0
BRDA:44,3,0,4
BRDA:44,3,1,0
BRDA:46,4,0,0
BRDA:52,5,0,0
BRDA:58,6,0,4
BRDA:73,7,0,0
BRDA:73,7,1,4
BRDA:83,8,0,36
BRDA:84,9,0,4
BRDA:84,9,1,32
BRDA:81,10,0,36
BRDA:81,10,1,4
BRDA:98,11,0,0
BRDA:98,11,1,4
BRF:20
BRH:12
end_of_record
